<?xml version="1.0" encoding="UTF-8"?>
<!-- Generated by org.testng.reporters.JUnitReportReporter -->
<testsuite skipped="0" hostname="DESKTOP-TBU7B9Q" name="org.tms.testngscripts.CreatePackageTest" tests="1" failures="0" timestamp="2022-08-23T16:24:57 IST" time="14.371" errors="0">
  <testcase name="Verify_CreatepackageTest" time="14.371" classname="org.tms.testngscripts.CreatePackageTest"/>
  <system-out/>
</testsuite> <!-- org.tms.testngscripts.CreatePackageTest -->
