<?xml version="1.0" encoding="UTF-8"?>
<!-- Generated by org.testng.reporters.JUnitReportReporter -->
<testsuite skipped="0" hostname="DESKTOP-TBU7B9Q" name="com.tms.newpack.DemoTest" tests="1" failures="0" timestamp="2022-08-29T13:11:25 IST" time="0.021" errors="0">
  <testcase name="tc" time="0.021" classname="com.tms.newpack.DemoTest"/>
  <system-out/>
</testsuite> <!-- com.tms.newpack.DemoTest -->
