<?xml version="1.0" encoding="UTF-8"?>
<!-- Generated by org.testng.reporters.JUnitReportReporter -->
<testsuite skipped="0" hostname="DESKTOP-TBU7B9Q" name="org.tms.testngscripts.EnquireTest" tests="1" failures="0" timestamp="2022-08-23T16:50:51 IST" time="3.265" errors="0">
  <testcase name="verify_enquirysubmissionTest" time="3.265" classname="org.tms.testngscripts.EnquireTest"/>
  <system-out/>
</testsuite> <!-- org.tms.testngscripts.EnquireTest -->
